➜  server git:(master) ✗ npm start

> http2-example-server@1.0.0 start /home/work/git/h2curl/server
> node index.js

[[22:38:56.089]] [LOG]   ---- new session ---- ::ffff:127.0.0.1
[[22:38:56.093]] [LOG]   Stream: 1 , Received new request: [Object: null prototype] {
  ':method': 'GET',
  ':path': '/longPolling',
  ':scheme': 'https',
  ':authority': '127.0.0.1:8081',
  accept: '*/*'
}
[[22:39:03.289]] [LOG]   Stream: 3 , Received new request: [Object: null prototype] {
  ':method': 'POST',
  ':path': '/post',
  ':scheme': 'https',
  ':authority': '127.0.0.1:8081',
  accept: '*/*',
  'content-type': 'multipart/form-data; boundary=nugusdk.boundary.24dfa2ab02147913'
}
[[22:39:03.290]] [LOG]   post data: --nugusdk.boundary.14977be1c88d3131
Content-Disposition: form-data; name="event"
Content-Type: appli
[[22:39:03.291]] [LOG]   post data: cation/json

{ "context": {"client":{"os":"Linux","playStack":[],"wakeupWord":"Aria"},"supportedInte
[[22:39:03.291]] [LOG]   post data: rfaces":{"ASR":{"engine":"skt","initiator":"TAP","state":"IDLE","version":"1.6"},"AudioPlayer":{"lyr
[[22:39:03.291]] [LOG]   post data: icsVisible":false,"offsetInMilliseconds":0,"playerActivity":"IDLE","version":"1.6"},"Chips":{"versio
[[22:39:03.291]] [LOG]   post data: n":"1.2"},"Display":{"version":"1.8"},"Extension":{"data":{},"version":"1.1"},"Mic":{"micStatus":"ON
[[22:39:03.291]] [LOG]   post data: ","version":"1.0"},"Nudge":{"version":"1.0"},"Routine":{"routineActivity":"IDLE","version":"1.2"},"S
[[22:39:03.292]] [LOG]   post data: ession":{"version":"1.0"},"Sound":{"version":"1.0"},"Speaker":{"version":"1.2","volumes":[{"defaultV
[[22:39:03.292]] [LOG]   post data: olumeLevel":50,"defaultVolumeStep":10,"maxVolume":100,"minVolume":0,"muted":false,"name":"NUGU","vol
[[22:39:03.292]] [LOG]   post data: ume":50}]},"System":{"version":"1.3"},"TTS":{"engine":"skt","ttsActivity":"IDLE","version":"1.3"},"T
[[22:39:03.292]] [LOG]   post data: ext":{"version":"1.5"},"Utility":{"version":"1.0"}}}, "event": { "header": { "dialogRequestId": "137
[[22:39:03.292]] [LOG]   post data: b05ae6901b4aac5a794dee53cf03b", "messageId": "137b05ae6901b4aac5a794de32e6667c", "name": "Recognize"
[[22:39:03.292]] [LOG]   post data: , "namespace": "ASR", "version": "1.6" }, "payload": {"codec":"SPEEX","encoding":"COMPLETE","endpoin
[[22:39:03.292]] [LOG]   post data: ting":"CLIENT","language":"KOR"} } }
--nugusdk.boundary.14977be1c88d3131


[[22:39:06.097]] [LOG]   finish the get stream
[[22:39:08.291]] [LOG]   finish the post stream
[[22:39:08.292]] [LOG]   event stream closed
